DEBUG 2017-01-31 20:03:40 NAME: generate {"REQUEST":"TeaPayRoll_Jan.06.2017_Jan.19.2017"}
DEBUG 2017-01-31 20:03:40 NAME: generate {"ExcelFileName":"nameOfFile"}
DEBUG 2017-01-31 20:04:13 NAME: generate {"REQUEST":"TeaPayRoll_Jan.06.2017_Jan.19.2017"}
DEBUG 2017-01-31 20:04:13 NAME: generate {"ExcelFileName":"TeaPayRoll_Jan.06.2017_Jan.19.2017"}
DEBUG 2017-01-31 20:06:18 NAME: generate {"REQUEST":"TeaPayRoll_Jan.06.2017_Jan.19.2017"}
DEBUG 2017-01-31 20:06:18 NAME: generate {"ExcelFileName":"TeaPayRoll_Jan.06.2017_Jan.19.2017"}
DEBUG 2017-01-31 20:09:04 NAME: generate {"REQUEST":"TeaPayRoll_Jan.06.2017_Jan.19.2017"}
DEBUG 2017-01-31 20:09:04 NAME: generate {"ExcelFileName":"TeaPayRoll_Jan.06.2017_Jan.19.2017"}
DEBUG 2017-02-01 16:47:25 NAME: generate {"REQUEST":"ParttimePayRoll_Jan.06.2017_Jan.19.2017"}
DEBUG 2017-02-01 16:47:25 NAME: generate {"ExcelFileName":"ParttimePayRoll_Jan.06.2017_Jan.19.2017"}
DEBUG 2017-02-01 16:48:17 NAME: generate {"REQUEST":"TeaPayRoll_Jan.06.2017_Jan.19.2017"}
DEBUG 2017-02-01 16:48:17 NAME: generate {"ExcelFileName":"TeaPayRoll_Jan.06.2017_Jan.19.2017"}
DEBUG 2017-03-17 17:16:45 NAME: generate {"REQUEST":"TeaPayRoll_Dec.23.2016_Jan.05.2017"}
DEBUG 2017-03-17 17:16:45 NAME: generate {"ExcelFileName":"TeaPayRoll_Dec.23.2016_Jan.05.2017"}
DEBUG 2017-03-26 16:17:52 NAME: generate {"REQUEST":"ParttimePayRoll_Dec.23.2016_Jan.05.2017"}
DEBUG 2017-03-26 16:17:52 NAME: generate {"ExcelFileName":"ParttimePayRoll_Dec.23.2016_Jan.05.2017"}
DEBUG 2017-03-26 17:18:01 NAME: generate {"REQUEST":"ParttimePaySlips_Jan.06.2017_Jan.19.2017"}
DEBUG 2017-03-26 17:18:01 NAME: generate {"ExcelFileName":"ParttimePaySlips_Jan.06.2017_Jan.19.2017"}
DEBUG 2017-04-02 17:15:58 NAME: generate {"REQUEST":"ParttimePayRoll_Mar.17.2017_Mar.30.2017"}
DEBUG 2017-04-02 17:15:58 NAME: generate {"ExcelFileName":"ParttimePayRoll_Mar.17.2017_Mar.30.2017"}
DEBUG 2017-04-04 18:27:18 NAME: generate {"REQUEST":"ParttimePayRoll_Mar.17.2017_Mar.30.2017"}
DEBUG 2017-04-04 18:27:18 NAME: generate {"ExcelFileName":"ParttimePayRoll_Mar.17.2017_Mar.30.2017"}
DEBUG 2017-04-29 23:24:37 NAME: generate {"REQUEST":"FTE_PaySlips_JAN_2017"}
DEBUG 2017-04-29 23:24:37 NAME: generate {"ExcelFileName":"FTE_PaySlips_JAN_2017"}
DEBUG 2017-05-27 15:04:20 NAME: generate {"REQUEST":"Attendance_Jan.06.2017_Jan.19.2017"}
DEBUG 2017-05-27 15:04:20 NAME: generate {"ExcelFileName":"Attendance_Jan.06.2017_Jan.19.2017"}
DEBUG 2017-05-28 16:45:30 NAME: generate {"REQUEST":"CASUALS_PaySlips_Dec.23.2016_Jan.05.2017"}
DEBUG 2017-05-28 16:45:30 NAME: generate {"ExcelFileName":"CASUALS_PaySlips_Dec.23.2016_Jan.05.2017"}
DEBUG 2017-06-12 17:12:19 NAME: generate {"REQUEST":"FTE_PaySlips_JAN_2017"}
DEBUG 2017-06-12 17:12:19 NAME: generate {"ExcelFileName":"FTE_PaySlips_JAN_2017"}
DEBUG 2017-06-29 19:43:30 NAME: generate {"REQUEST":"FISH P and L Report"}
DEBUG 2017-06-29 19:43:30 NAME: generate {"ExcelFileName":"FISH P and L Report"}
DEBUG 2017-07-01 12:01:12 NAME: generate {"REQUEST":"ParttimePaySlips_Dec.23.2016_Jan.05.2017"}
DEBUG 2017-07-01 12:01:12 NAME: generate {"ExcelFileName":"ParttimePaySlips_Dec.23.2016_Jan.05.2017"}
DEBUG 2017-07-01 12:01:32 NAME: generate {"REQUEST":"ParttimePaySlips_Jan.06.2017_Jan.19.2017"}
DEBUG 2017-07-01 12:01:32 NAME: generate {"ExcelFileName":"ParttimePaySlips_Jan.06.2017_Jan.19.2017"}
DEBUG 2017-07-01 12:03:30 NAME: generate {"REQUEST":"ParttimePaySlips_Jan.20.2017_Feb.02.2017"}
DEBUG 2017-07-01 12:03:30 NAME: generate {"ExcelFileName":"ParttimePaySlips_Jan.20.2017_Feb.02.2017"}
DEBUG 2017-07-01 12:10:29 NAME: generate {"REQUEST":"CASUALS_PaySlips_Dec.23.2016_Jan.05.2017"}
DEBUG 2017-07-01 12:10:29 NAME: generate {"ExcelFileName":"CASUALS_PaySlips_Dec.23.2016_Jan.05.2017"}
DEBUG 2017-07-01 12:10:53 NAME: generate {"REQUEST":"CASUALS_PaySlips_Jan.06.2017_Jan.19.2017"}
DEBUG 2017-07-01 12:10:53 NAME: generate {"ExcelFileName":"CASUALS_PaySlips_Jan.06.2017_Jan.19.2017"}
DEBUG 2017-07-01 12:11:07 NAME: generate {"REQUEST":"CASUALS_PaySlips_Jan.20.2017_Feb.02.2017"}
DEBUG 2017-07-01 12:11:07 NAME: generate {"ExcelFileName":"CASUALS_PaySlips_Jan.20.2017_Feb.02.2017"}
DEBUG 2017-07-01 17:59:29 NAME: generate {"REQUEST":"undefined"}
DEBUG 2017-07-01 17:59:30 NAME: generate {"ExcelFileName":"undefined"}
DEBUG 2017-07-01 17:59:37 NAME: generate {"REQUEST":"undefined"}
DEBUG 2017-07-01 17:59:37 NAME: generate {"ExcelFileName":"undefined"}
DEBUG 2017-07-01 18:01:58 NAME: generate {"REQUEST":"EXPENSES_BY_DEPT_REPORT"}
DEBUG 2017-07-01 18:01:58 NAME: generate {"ExcelFileName":"EXPENSES_BY_DEPT_REPORT"}
DEBUG 2017-07-02 19:01:16 NAME: generate {"REQUEST":"CASUALS_PaySlips_Dec.23.2016_Jan.05.2017"}
DEBUG 2017-07-02 19:01:16 NAME: generate {"ExcelFileName":"CASUALS_PaySlips_Dec.23.2016_Jan.05.2017"}
DEBUG 2017-07-02 19:02:00 NAME: generate {"REQUEST":"CASUALS_PaySlips_Jan.06.2017_Jan.19.2017"}
DEBUG 2017-07-02 19:02:00 NAME: generate {"ExcelFileName":"CASUALS_PaySlips_Jan.06.2017_Jan.19.2017"}
DEBUG 2017-07-02 19:02:30 NAME: generate {"REQUEST":"CASUALS_PaySlips_Jan.20.2017_Feb.02.2017"}
DEBUG 2017-07-02 19:02:30 NAME: generate {"ExcelFileName":"CASUALS_PaySlips_Jan.20.2017_Feb.02.2017"}
DEBUG 2017-07-02 19:03:55 NAME: generate {"REQUEST":"TeaPayRoll_Dec.23.2016_Jan.05.2017"}
DEBUG 2017-07-02 19:03:55 NAME: generate {"ExcelFileName":"TeaPayRoll_Dec.23.2016_Jan.05.2017"}
DEBUG 2017-07-04 20:19:15 NAME: generate {"REQUEST":"TeaPayRoll_Jan.06.2017_Jan.19.2017"}
DEBUG 2017-07-04 20:19:15 NAME: generate {"ExcelFileName":"TeaPayRoll_Jan.06.2017_Jan.19.2017"}
DEBUG 2017-07-04 20:19:36 NAME: generate {"REQUEST":"TeaPayRoll_Jan.20.2017_Feb.02.2017"}
DEBUG 2017-07-04 20:19:36 NAME: generate {"ExcelFileName":"TeaPayRoll_Jan.20.2017_Feb.02.2017"}
DEBUG 2017-07-04 20:19:59 NAME: generate {"REQUEST":"TeaPayRoll_Feb.03.2017_Feb.16.2017"}
DEBUG 2017-07-04 20:19:59 NAME: generate {"ExcelFileName":"TeaPayRoll_Feb.03.2017_Feb.16.2017"}
DEBUG 2017-07-04 20:20:19 NAME: generate {"REQUEST":"TeaPayRoll_Feb.17.2017_Mar.02.2017"}
DEBUG 2017-07-04 20:20:19 NAME: generate {"ExcelFileName":"TeaPayRoll_Feb.17.2017_Mar.02.2017"}
DEBUG 2017-07-04 20:20:36 NAME: generate {"REQUEST":"TeaPayRoll_Mar.03.2017_Mar.16.2017"}
DEBUG 2017-07-04 20:20:36 NAME: generate {"ExcelFileName":"TeaPayRoll_Mar.03.2017_Mar.16.2017"}
DEBUG 2017-07-04 20:20:52 NAME: generate {"REQUEST":"TeaPayRoll_Mar.17.2017_Mar.30.2017"}
DEBUG 2017-07-04 20:20:52 NAME: generate {"ExcelFileName":"TeaPayRoll_Mar.17.2017_Mar.30.2017"}
DEBUG 2017-07-04 20:21:03 NAME: generate {"REQUEST":"TeaPayRoll_Mar.17.2017_Mar.30.2017"}
DEBUG 2017-07-04 20:21:03 NAME: generate {"ExcelFileName":"TeaPayRoll_Mar.17.2017_Mar.30.2017"}
DEBUG 2017-07-04 20:21:18 NAME: generate {"REQUEST":"TeaPayRoll_Apr.14.2017_Apr.27.2017"}
DEBUG 2017-07-04 20:21:18 NAME: generate {"ExcelFileName":"TeaPayRoll_Apr.14.2017_Apr.27.2017"}
DEBUG 2017-07-04 20:21:45 NAME: generate {"REQUEST":"TeaPayRoll_Apr.28.2017_May.11.2017"}
DEBUG 2017-07-04 20:21:45 NAME: generate {"ExcelFileName":"TeaPayRoll_Apr.28.2017_May.11.2017"}
DEBUG 2017-07-04 20:21:59 NAME: generate {"REQUEST":"TeaPayRoll_May.12.2017_May.25.2017"}
DEBUG 2017-07-04 20:21:59 NAME: generate {"ExcelFileName":"TeaPayRoll_May.12.2017_May.25.2017"}
DEBUG 2017-07-04 20:22:25 NAME: generate {"REQUEST":"TeaPayRoll_May.26.2017_Jun.08.2017"}
DEBUG 2017-07-04 20:22:25 NAME: generate {"ExcelFileName":"TeaPayRoll_May.26.2017_Jun.08.2017"}
DEBUG 2017-07-07 19:19:45 NAME: generate {"REQUEST":"FISH P and L Report"}
DEBUG 2017-07-07 19:19:45 NAME: generate {"ExcelFileName":"FISH P and L Report"}
DEBUG 2017-07-08 06:01:19 NAME: generate {"REQUEST":"DAIRY P and L Report"}
DEBUG 2017-07-08 06:01:19 NAME: generate {"ExcelFileName":"DAIRY P and L Report"}
DEBUG 2017-07-08 06:02:17 NAME: generate {"REQUEST":"TEA P and L Report"}
DEBUG 2017-07-08 06:02:17 NAME: generate {"ExcelFileName":"TEA P and L Report"}
DEBUG 2017-07-08 06:02:41 NAME: generate {"REQUEST":"FISH P and L Report"}
DEBUG 2017-07-08 06:02:41 NAME: generate {"ExcelFileName":"FISH P and L Report"}
DEBUG 2017-07-13 10:02:50 NAME: generate {"REQUEST":"EXPENSES_BY_DEPT_REPORT"}
DEBUG 2017-07-13 10:02:50 NAME: generate {"ExcelFileName":"EXPENSES_BY_DEPT_REPORT"}
DEBUG 2017-07-13 20:08:51 NAME: generate {"REQUEST":"FTE_PaySlips_JAN_2017"}
DEBUG 2017-07-13 20:08:51 NAME: generate {"ExcelFileName":"FTE_PaySlips_JAN_2017"}
